[debug] [2020-12-30T09:29:14.402Z] ----------------------------------------------------------------------
[debug] [2020-12-30T09:29:14.413Z] Command:       C:\Program Files\nodejs\node.exe C:\Users\muham\AppData\Roaming\npm\node_modules\firebase-tools\lib\bin\firebase.js deploy
[debug] [2020-12-30T09:29:14.415Z] CLI Version:   8.14.1
[debug] [2020-12-30T09:29:14.415Z] Platform:      win32
[debug] [2020-12-30T09:29:14.416Z] Node Version:  v12.16.2
[debug] [2020-12-30T09:29:14.420Z] Time:          Wed Dec 30 2020 14:29:14 GMT+0500 (Pakistan Standard Time)
[debug] [2020-12-30T09:29:14.421Z] ----------------------------------------------------------------------
[debug] [2020-12-30T09:29:14.422Z] 
[debug] [2020-12-30T09:29:14.709Z] > command requires scopes: ["email","openid","https://www.googleapis.com/auth/cloudplatformprojects.readonly","https://www.googleapis.com/auth/firebase","https://www.googleapis.com/auth/cloud-platform"]
[debug] [2020-12-30T09:29:14.711Z] > authorizing via signed-in user
[debug] [2020-12-30T09:29:14.713Z] [iam] checking project workkarr2 for permissions ["firebase.projects.get","firebasehosting.sites.update"]
[debug] [2020-12-30T09:29:14.723Z] > refreshing access token with scopes: ["email","https://www.googleapis.com/auth/cloud-platform","https://www.googleapis.com/auth/cloudplatformprojects.readonly","https://www.googleapis.com/auth/firebase","openid"]
[debug] [2020-12-30T09:29:14.725Z] >>> HTTP REQUEST POST https://www.googleapis.com/oauth2/v3/token  
 <request body omitted>
[debug] [2020-12-30T09:29:15.471Z] <<< HTTP RESPONSE 200 {"date":"Wed, 30 Dec 2020 09:29:12 GMT","expires":"Mon, 01 Jan 1990 00:00:00 GMT","pragma":"no-cache","cache-control":"no-cache, no-store, max-age=0, must-revalidate","content-type":"application/json; charset=utf-8","vary":"X-Origin, Referer, Origin,Accept-Encoding","server":"scaffolding on HTTPServer2","x-xss-protection":"0","x-frame-options":"SAMEORIGIN","x-content-type-options":"nosniff","alt-svc":"h3-29=\":443\"; ma=2592000,h3-T051=\":443\"; ma=2592000,h3-Q050=\":443\"; ma=2592000,h3-Q046=\":443\"; ma=2592000,h3-Q043=\":443\"; ma=2592000,quic=\":443\"; ma=2592000; v=\"46,43\"","accept-ranges":"none","transfer-encoding":"chunked"}
[debug] [2020-12-30T09:29:15.637Z] >>> HTTP REQUEST POST https://cloudresourcemanager.googleapis.com/v1/projects/workkarr2:testIamPermissions  
 {"permissions":["firebase.projects.get","firebasehosting.sites.update"]}
[debug] [2020-12-30T09:29:17.752Z] <<< HTTP RESPONSE 200 {"content-type":"application/json; charset=UTF-8","vary":"X-Origin, Referer, Origin,Accept-Encoding","date":"Wed, 30 Dec 2020 09:29:14 GMT","server":"ESF","cache-control":"private","x-xss-protection":"0","x-frame-options":"SAMEORIGIN","x-content-type-options":"nosniff","server-timing":"gfet4t7; dur=1248","alt-svc":"h3-29=\":443\"; ma=2592000,h3-T051=\":443\"; ma=2592000,h3-Q050=\":443\"; ma=2592000,h3-Q046=\":443\"; ma=2592000,h3-Q043=\":443\"; ma=2592000,quic=\":443\"; ma=2592000; v=\"46,43\"","accept-ranges":"none","transfer-encoding":"chunked"}
[debug] [2020-12-30T09:29:17.759Z] >>> HTTP REQUEST GET https://firebase.googleapis.com/v1beta1/projects/workkarr2  
 
[debug] [2020-12-30T09:29:38.807Z] Server Error. connect ETIMEDOUT 216.58.207.106:443
[debug] [2020-12-30T09:29:39.254Z] FirebaseError: Server Error. connect ETIMEDOUT 216.58.207.106:443
    at Request._callback (C:\Users\muham\AppData\Roaming\npm\node_modules\firebase-tools\lib\api.js:32:31)
    at self.callback (C:\Users\muham\AppData\Roaming\npm\node_modules\firebase-tools\node_modules\request\request.js:185:22)
    at Request.emit (events.js:310:20)
    at Request.EventEmitter.emit (domain.js:482:12)
    at Request.onRequestError (C:\Users\muham\AppData\Roaming\npm\node_modules\firebase-tools\node_modules\request\request.js:877:8)
    at ClientRequest.emit (events.js:322:22)
    at ClientRequest.EventEmitter.emit (domain.js:482:12)
    at TLSSocket.socketErrorListener (_http_client.js:426:9)
    at TLSSocket.emit (events.js:310:20)
    at TLSSocket.EventEmitter.emit (domain.js:482:12)
    at emitErrorNT (internal/streams/destroy.js:92:8)
    at emitErrorAndCloseNT (internal/streams/destroy.js:60:3)
    at processTicksAndRejections (internal/process/task_queues.js:84:21)
[error] 
[error] Error: Failed to get Firebase project workkarr2. Please make sure the project exists and your account has permission to access it.
